<?xml version="1.0" encoding="UTF-8"?>
<testng-results skipped="0" failed="0" total="1" passed="1">
  <reporter-output>
  </reporter-output>
  <suite name="Default suite" duration-ms="53753" started-at="2015-11-19T02:25:38Z" finished-at="2015-11-19T02:26:32Z">
    <groups>
    </groups>
    <test name="Default test" duration-ms="53753" started-at="2015-11-19T02:25:38Z" finished-at="2015-11-19T02:26:32Z">
      <class name="com.amazon.verifyproduct.VerifyProduct_TestCase_002">
        <test-method status="PASS" signature="beforeMethodd()[pri:0, instance:com.amazon.verifyproduct.VerifyProduct_TestCase_002@34ce8af7]" name="beforeMethodd" is-config="true" duration-ms="33742" started-at="2015-11-18T21:25:38Z" finished-at="2015-11-18T21:26:12Z">
          <reporter-output>
          </reporter-output>
        </test-method> <!-- beforeMethodd -->
        <test-method status="PASS" signature="testMethod()[pri:0, instance:com.amazon.verifyproduct.VerifyProduct_TestCase_002@34ce8af7]" name="testMethod" duration-ms="16644" started-at="2015-11-18T21:26:12Z" finished-at="2015-11-18T21:26:28Z">
          <reporter-output>
          </reporter-output>
        </test-method> <!-- testMethod -->
        <test-method status="PASS" signature="quitTest()[pri:0, instance:com.amazon.verifyproduct.VerifyProduct_TestCase_002@34ce8af7]" name="quitTest" is-config="true" duration-ms="3063" started-at="2015-11-18T21:26:28Z" finished-at="2015-11-18T21:26:31Z">
          <reporter-output>
          </reporter-output>
        </test-method> <!-- quitTest -->
      </class> <!-- com.amazon.verifyproduct.VerifyProduct_TestCase_002 -->
    </test> <!-- Default test -->
  </suite> <!-- Default suite -->
</testng-results>
